{"/Users/joseph/Workspace/react-ranger/src/react-ranger/Ranger.ts": {"path":"/Users/joseph/Workspace/react-ranger/src/react-ranger/Ranger.ts","statementMap":{"0":{"start":{"line":1,"column":0},"end":{"line":1,"column":34}},"1":{"start":{"line":10,"column":29},"end":{"line":10,"column":84}},"2":{"start":{"line":20,"column":0},"end":{"line":20,"column":null}},"3":{"start":{"line":21,"column":24},"end":{"line":21,"column":72}},"4":{"start":{"line":21,"column":24},"end":{"line":21,"column":42}},"5":{"start":{"line":23,"column":4},"end":{"line":59,"column":null}},"6":{"start":{"line":24,"column":36},"end":{"line":24,"column":38}},"7":{"start":{"line":25,"column":40},"end":{"line":25,"column":44}},"8":{"start":{"line":26,"column":42},"end":{"line":26,"column":46}},"9":{"start":{"line":29,"column":40},"end":{"line":29,"column":62}},"10":{"start":{"line":30,"column":12},"end":{"line":40,"column":null}},"11":{"start":{"line":31,"column":14},"end":{"line":39,"column":null}},"12":{"start":{"line":32,"column":16},"end":{"line":32,"column":null}},"13":{"start":{"line":34,"column":18},"end":{"line":38,"column":null}},"14":{"start":{"line":35,"column":22},"end":{"line":37,"column":null}},"15":{"start":{"line":35,"column":42},"end":{"line":35,"column":43}},"16":{"start":{"line":36,"column":26},"end":{"line":36,"column":42}},"17":{"start":{"line":42,"column":38},"end":{"line":42,"column":47}},"18":{"start":{"line":43,"column":12},"end":{"line":52,"column":null}},"19":{"start":{"line":44,"column":16},"end":{"line":51,"column":null}},"20":{"start":{"line":45,"column":36},"end":{"line":45,"column":95}},"21":{"start":{"line":45,"column":70},"end":{"line":45,"column":95}},"22":{"start":{"line":46,"column":20},"end":{"line":50,"column":null}},"23":{"start":{"line":47,"column":24},"end":{"line":47,"column":null}},"24":{"start":{"line":49,"column":24},"end":{"line":49,"column":null}},"25":{"start":{"line":53,"column":35},"end":{"line":53,"column":87}},"26":{"start":{"line":54,"column":12},"end":{"line":54,"column":46}},"27":{"start":{"line":56,"column":12},"end":{"line":56,"column":35}},"28":{"start":{"line":28,"column":8},"end":{"line":57,"column":null}},"29":{"start":{"line":28,"column":29},"end":{"line":28,"column":30}},"30":{"start":{"line":28,"column":17},"end":{"line":28,"column":29}},"31":{"start":{"line":58,"column":8},"end":{"line":58,"column":null}},"32":{"start":{"line":60,"column":0},"end":{"line":60,"column":null}},"33":{"start":{"line":62,"column":0},"end":{"line":62,"column":13}},"34":{"start":{"line":63,"column":11},"end":{"line":66,"column":null}},"35":{"start":{"line":64,"column":24},"end":{"line":64,"column":49}},"36":{"start":{"line":65,"column":8},"end":{"line":65,"column":40}},"37":{"start":{"line":67,"column":0},"end":{"line":67,"column":null}},"38":{"start":{"line":62,"column":13},"end":{"line":62,"column":19}}},"fnMap":{"0":{"name":"(anonymous_0)","decl":{"start":{"line":20,"column":0},"end":{"line":20,"column":null}},"loc":{"start":{"line":20,"column":0},"end":{"line":60,"column":null}}},"1":{"name":"PlanInspector","decl":{"start":{"line":21,"column":4},"end":{"line":21,"column":24}},"loc":{"start":{"line":21,"column":68},"end":{"line":21,"column":73}}},"2":{"name":"(anonymous_2)","decl":{"start":{"line":23,"column":4},"end":{"line":23,"column":12}},"loc":{"start":{"line":23,"column":62},"end":{"line":59,"column":5}}},"3":{"name":"(anonymous_4)","decl":{"start":{"line":44,"column":34},"end":{"line":44,"column":35}},"loc":{"start":{"line":44,"column":43},"end":{"line":51,"column":17}}},"4":{"name":"(anonymous_5)","decl":{"start":{"line":45,"column":61},"end":{"line":45,"column":66}},"loc":{"start":{"line":45,"column":66},"end":{"line":45,"column":75}}},"5":{"name":"(anonymous_6)","decl":{"start":{"line":62,"column":0},"end":{"line":62,"column":13}},"loc":{"start":{"line":62,"column":0},"end":{"line":67,"column":null}}},"6":{"name":"(anonymous_8)","decl":{"start":{"line":63,"column":4},"end":{"line":63,"column":11}},"loc":{"start":{"line":63,"column":71},"end":{"line":66,"column":5}}}},"branchMap":{"0":{"loc":{"start":{"line":21,"column":24},"end":{"line":21,"column":72}},"type":"if","locations":[{"start":{"line":21,"column":24},"end":{"line":21,"column":72}},{"start":{"line":21,"column":24},"end":{"line":21,"column":72}}]},"1":{"loc":{"start":{"line":30,"column":12},"end":{"line":40,"column":null}},"type":"if","locations":[{"start":{"line":30,"column":12},"end":{"line":40,"column":null}},{"start":{"line":30,"column":12},"end":{"line":40,"column":null}}]},"2":{"loc":{"start":{"line":31,"column":14},"end":{"line":39,"column":null}},"type":"if","locations":[{"start":{"line":31,"column":14},"end":{"line":39,"column":null}},{"start":{"line":31,"column":14},"end":{"line":39,"column":null}}]},"3":{"loc":{"start":{"line":34,"column":18},"end":{"line":38,"column":null}},"type":"if","locations":[{"start":{"line":34,"column":18},"end":{"line":38,"column":null}},{"start":{"line":34,"column":18},"end":{"line":38,"column":null}}]},"4":{"loc":{"start":{"line":43,"column":12},"end":{"line":52,"column":null}},"type":"if","locations":[{"start":{"line":43,"column":12},"end":{"line":52,"column":null}},{"start":{"line":43,"column":12},"end":{"line":52,"column":null}}]},"5":{"loc":{"start":{"line":46,"column":20},"end":{"line":50,"column":null}},"type":"if","locations":[{"start":{"line":46,"column":20},"end":{"line":50,"column":null}},{"start":{"line":46,"column":20},"end":{"line":50,"column":null}}]}},"s":{"0":1,"1":1,"2":1,"3":2,"4":1,"5":1,"6":1,"7":1,"8":1,"9":2,"10":2,"11":1,"12":1,"13":0,"14":0,"15":0,"16":0,"17":2,"18":2,"19":1,"20":1,"21":1,"22":1,"23":0,"24":1,"25":1,"26":1,"27":1,"28":1,"29":1,"30":2,"31":0,"32":1,"33":1,"34":1,"35":1,"36":1,"37":1,"38":1},"f":{"0":1,"1":1,"2":1,"3":1,"4":1,"5":1,"6":1},"b":{"0":[1,0],"1":[1,1],"2":[1,0],"3":[0,0],"4":[1,1],"5":[0,1]}}
}
