TN:
SF:src/react-ranger/Ranger.ts
FN:20,(anonymous_0)
FN:21,PlanInspector
FN:23,(anonymous_2)
FN:44,(anonymous_4)
FN:45,(anonymous_5)
FN:62,(anonymous_6)
FN:63,(anonymous_8)
FNF:7
FNH:7
FNDA:1,(anonymous_0)
FNDA:1,PlanInspector
FNDA:1,(anonymous_2)
FNDA:1,(anonymous_4)
FNDA:1,(anonymous_5)
FNDA:1,(anonymous_6)
FNDA:1,(anonymous_8)
DA:1,1
DA:10,1
DA:20,1
DA:21,2
DA:23,1
DA:24,1
DA:25,1
DA:26,1
DA:28,2
DA:29,2
DA:30,2
DA:31,1
DA:32,1
DA:34,0
DA:35,0
DA:36,0
DA:42,2
DA:43,2
DA:44,1
DA:45,1
DA:46,1
DA:47,0
DA:49,1
DA:53,1
DA:54,1
DA:56,1
DA:58,0
DA:60,1
DA:62,1
DA:63,1
DA:64,1
DA:65,1
DA:67,1
LF:33
LH:28
BRDA:21,0,0,1
BRDA:21,0,1,0
BRDA:30,1,0,1
BRDA:30,1,1,1
BRDA:31,2,0,1
BRDA:31,2,1,0
BRDA:34,3,0,0
BRDA:34,3,1,0
BRDA:43,4,0,1
BRDA:43,4,1,1
BRDA:46,5,0,0
BRDA:46,5,1,1
BRF:12
BRH:7
end_of_record
